== fact ==
0000 0002 OP_GET_LOCAL        1
0002    | OP_CONSTANT         0 '2'
0004    | OP_LESS
0005    | OP_JUMP_IF_FALSE    5 ->   15
0008    | OP_POP
0009    | OP_CONSTANT         1 '1'
0011    | OP_RETURN
0012    | OP_JUMP            12 ->   16
0015    | OP_POP
0016 0003 OP_GET_LOCAL        1
0018    | OP_GET_GLOBAL       2 'fact'
0020    | OP_GET_LOCAL        1
0022    | OP_CONSTANT         1 '1'
0024    | OP_SUBTRACT
0025    | OP_CALL             1
0027    | OP_MULTIPLY
0028    | OP_RETURN
0029 0004 OP_NIL
0030    | OP_RETURN
== <script> ==
0000 0004 OP_CONSTANT         1 '<fn fact>'
0002    | OP_DEFINE_GLOBAL    0 'fact'
0004 0005 OP_GET_GLOBAL       0 'fact'
0006    | OP_CONSTANT         2 '5'
0008    | OP_CALL             1
0010    | OP_PRINT
0011    | OP_NIL
0012    | OP_RETURN


          [<script>]
0000 0004 OP_CONSTANT         1 '<fn fact>'
          [<script>][<fn fact>]
0002    | OP_DEFINE_GLOBAL    0 'fact'
          [<script>]
0004 0005 OP_GET_GLOBAL       0 'fact'
          [<script>][<fn fact>]
0006    | OP_CONSTANT         2 '5'
          [<script>][<fn fact>][5]
0008    | OP_CALL             1
          [<script>][<fn fact>][5]
0000 0002 OP_GET_LOCAL        1
          [<script>][<fn fact>][5][5]
0002    | OP_CONSTANT         0 '2'
          [<script>][<fn fact>][5][5][2]
0004    | OP_LESS
          [<script>][<fn fact>][5][false]
0005    | OP_JUMP_IF_FALSE    5 ->   15
          [<script>][<fn fact>][5][false]
0015    | OP_POP
          [<script>][<fn fact>][5]
0016 0003 OP_GET_LOCAL        1
          [<script>][<fn fact>][5][5]
0018    | OP_GET_GLOBAL       2 'fact'
          [<script>][<fn fact>][5][5][<fn fact>]
0020    | OP_GET_LOCAL        1
          [<script>][<fn fact>][5][5][<fn fact>][5]
0022    | OP_CONSTANT         1 '1'
          [<script>][<fn fact>][5][5][<fn fact>][5][1]
0024    | OP_SUBTRACT
          [<script>][<fn fact>][5][5][<fn fact>][4]
0025    | OP_CALL             1
          [<script>][<fn fact>][5][5][<fn fact>][4]
0000 0002 OP_GET_LOCAL        1
          [<script>][<fn fact>][5][5][<fn fact>][4][4]
0002    | OP_CONSTANT         0 '2'
          [<script>][<fn fact>][5][5][<fn fact>][4][4][2]
0004    | OP_LESS
          [<script>][<fn fact>][5][5][<fn fact>][4][false]
0005    | OP_JUMP_IF_FALSE    5 ->   15
          [<script>][<fn fact>][5][5][<fn fact>][4][false]
0015    | OP_POP
          [<script>][<fn fact>][5][5][<fn fact>][4]
0016 0003 OP_GET_LOCAL        1
          [<script>][<fn fact>][5][5][<fn fact>][4][4]
0018    | OP_GET_GLOBAL       2 'fact'
          [<script>][<fn fact>][5][5][<fn fact>][4][4][<fn fact>]
0020    | OP_GET_LOCAL        1
          [<script>][<fn fact>][5][5][<fn fact>][4][4][<fn fact>][4]
0022    | OP_CONSTANT         1 '1'
          [<script>][<fn fact>][5][5][<fn fact>][4][4][<fn fact>][4][1]
0024    | OP_SUBTRACT
          [<script>][<fn fact>][5][5][<fn fact>][4][4][<fn fact>][3]
0025    | OP_CALL             1
          [<script>][<fn fact>][5][5][<fn fact>][4][4][<fn fact>][3]
0000 0002 OP_GET_LOCAL        1
          [<script>][<fn fact>][5][5][<fn fact>][4][4][<fn fact>][3][3]
0002    | OP_CONSTANT         0 '2'
          [<script>][<fn fact>][5][5][<fn fact>][4][4][<fn fact>][3][3][2]
0004    | OP_LESS
          [<script>][<fn fact>][5][5][<fn fact>][4][4][<fn fact>][3][false]
0005    | OP_JUMP_IF_FALSE    5 ->   15
          [<script>][<fn fact>][5][5][<fn fact>][4][4][<fn fact>][3][false]
0015    | OP_POP
          [<script>][<fn fact>][5][5][<fn fact>][4][4][<fn fact>][3]
0016 0003 OP_GET_LOCAL        1
          [<script>][<fn fact>][5][5][<fn fact>][4][4][<fn fact>][3][3]
0018    | OP_GET_GLOBAL       2 'fact'
          [<script>][<fn fact>][5][5][<fn fact>][4][4][<fn fact>][3][3][<fn fact>]
0020    | OP_GET_LOCAL        1
          [<script>][<fn fact>][5][5][<fn fact>][4][4][<fn fact>][3][3][<fn fact>][3]
0022    | OP_CONSTANT         1 '1'
          [<script>][<fn fact>][5][5][<fn fact>][4][4][<fn fact>][3][3][<fn fact>][3][1]
0024    | OP_SUBTRACT
          [<script>][<fn fact>][5][5][<fn fact>][4][4][<fn fact>][3][3][<fn fact>][2]
0025    | OP_CALL             1
          [<script>][<fn fact>][5][5][<fn fact>][4][4][<fn fact>][3][3][<fn fact>][2]
0000 0002 OP_GET_LOCAL        1
          [<script>][<fn fact>][5][5][<fn fact>][4][4][<fn fact>][3][3][<fn fact>][2][2]
0002    | OP_CONSTANT         0 '2'
          [<script>][<fn fact>][5][5][<fn fact>][4][4][<fn fact>][3][3][<fn fact>][2][2][2]
0004    | OP_LESS
          [<script>][<fn fact>][5][5][<fn fact>][4][4][<fn fact>][3][3][<fn fact>][2][false]
0005    | OP_JUMP_IF_FALSE    5 ->   15
          [<script>][<fn fact>][5][5][<fn fact>][4][4][<fn fact>][3][3][<fn fact>][2][false]
0015    | OP_POP
          [<script>][<fn fact>][5][5][<fn fact>][4][4][<fn fact>][3][3][<fn fact>][2]
0016 0003 OP_GET_LOCAL        1
          [<script>][<fn fact>][5][5][<fn fact>][4][4][<fn fact>][3][3][<fn fact>][2][2]
0018    | OP_GET_GLOBAL       2 'fact'
          [<script>][<fn fact>][5][5][<fn fact>][4][4][<fn fact>][3][3][<fn fact>][2][2][<fn fact>]
0020    | OP_GET_LOCAL        1
          [<script>][<fn fact>][5][5][<fn fact>][4][4][<fn fact>][3][3][<fn fact>][2][2][<fn fact>][2]
0022    | OP_CONSTANT         1 '1'
          [<script>][<fn fact>][5][5][<fn fact>][4][4][<fn fact>][3][3][<fn fact>][2][2][<fn fact>][2][1]
0024    | OP_SUBTRACT
          [<script>][<fn fact>][5][5][<fn fact>][4][4][<fn fact>][3][3][<fn fact>][2][2][<fn fact>][1]
0025    | OP_CALL             1
          [<script>][<fn fact>][5][5][<fn fact>][4][4][<fn fact>][3][3][<fn fact>][2][2][<fn fact>][1]
0000 0002 OP_GET_LOCAL        1
          [<script>][<fn fact>][5][5][<fn fact>][4][4][<fn fact>][3][3][<fn fact>][2][2][<fn fact>][1][1]
0002    | OP_CONSTANT         0 '2'
          [<script>][<fn fact>][5][5][<fn fact>][4][4][<fn fact>][3][3][<fn fact>][2][2][<fn fact>][1][1][2]
0004    | OP_LESS
          [<script>][<fn fact>][5][5][<fn fact>][4][4][<fn fact>][3][3][<fn fact>][2][2][<fn fact>][1][true]
0005    | OP_JUMP_IF_FALSE    5 ->   15
          [<script>][<fn fact>][5][5][<fn fact>][4][4][<fn fact>][3][3][<fn fact>][2][2][<fn fact>][1][true]
0008    | OP_POP
          [<script>][<fn fact>][5][5][<fn fact>][4][4][<fn fact>][3][3][<fn fact>][2][2][<fn fact>][1]
0009    | OP_CONSTANT         1 '1'
          [<script>][<fn fact>][5][5][<fn fact>][4][4][<fn fact>][3][3][<fn fact>][2][2][<fn fact>][1][1]
0011    | OP_RETURN
          [<script>][<fn fact>][5][5][<fn fact>][4][4][<fn fact>][3][3][<fn fact>][2][2][1]
0027    | OP_MULTIPLY
          [<script>][<fn fact>][5][5][<fn fact>][4][4][<fn fact>][3][3][<fn fact>][2][2]
0028    | OP_RETURN
          [<script>][<fn fact>][5][5][<fn fact>][4][4][<fn fact>][3][3][2]
0027    | OP_MULTIPLY
          [<script>][<fn fact>][5][5][<fn fact>][4][4][<fn fact>][3][6]
0028    | OP_RETURN
          [<script>][<fn fact>][5][5][<fn fact>][4][4][6]
0027    | OP_MULTIPLY
          [<script>][<fn fact>][5][5][<fn fact>][4][24]
0028    | OP_RETURN
          [<script>][<fn fact>][5][5][24]
0027    | OP_MULTIPLY
          [<script>][<fn fact>][5][120]
0028    | OP_RETURN
          [<script>][120]
0010    | OP_PRINT
120
          [<script>]
0011    | OP_NIL
          [<script>][nil]
0012    | OP_RETURN
