== fib ==
0000 0002 OP_GET_LOCAL        1
0002    | OP_CONSTANT         0 '2'
0004    | OP_LESS
0005    | OP_JUMP_IF_FALSE    5 ->   15
0008    | OP_POP
0009    | OP_GET_LOCAL        1
0011    | OP_RETURN
0012    | OP_JUMP            12 ->   16
0015    | OP_POP
0016 0003 OP_GET_GLOBAL       1 'fib'
0018    | OP_GET_LOCAL        1
0020    | OP_CONSTANT         0 '2'
0022    | OP_SUBTRACT
0023    | OP_CALL             1
0025    | OP_GET_GLOBAL       1 'fib'
0027    | OP_GET_LOCAL        1
0029    | OP_CONSTANT         2 '1'
0031    | OP_SUBTRACT
0032    | OP_CALL             1
0034    | OP_ADD
0035    | OP_RETURN
0036 0004 OP_NIL
0037    | OP_RETURN
== <script> ==
0000 0004 OP_CONSTANT         1 '<fn fib>'
0002    | OP_DEFINE_GLOBAL    0 'fib'
0004 0005 OP_GET_GLOBAL       0 'fib'
0006    | OP_CONSTANT         2 '3'
0008    | OP_CALL             1
0010    | OP_PRINT
0011    | OP_NIL
0012    | OP_RETURN


          [<script>]
0000 0004 OP_CONSTANT         1 '<fn fib>'
          [<script>][<fn fib>]
0002    | OP_DEFINE_GLOBAL    0 'fib'
          [<script>]
0004 0005 OP_GET_GLOBAL       0 'fib'
          [<script>][<fn fib>]
0006    | OP_CONSTANT         2 '3'
          [<script>][<fn fib>][3]
0008    | OP_CALL             1
          [<script>][<fn fib>][3]
0000 0002 OP_GET_LOCAL        1
          [<script>][<fn fib>][3][3]
0002    | OP_CONSTANT         0 '2'
          [<script>][<fn fib>][3][3][2]
0004    | OP_LESS
          [<script>][<fn fib>][3][false]
0005    | OP_JUMP_IF_FALSE    5 ->   15
          [<script>][<fn fib>][3][false]
0015    | OP_POP
          [<script>][<fn fib>][3]
0016 0003 OP_GET_GLOBAL       1 'fib'
          [<script>][<fn fib>][3][<fn fib>]
0018    | OP_GET_LOCAL        1
          [<script>][<fn fib>][3][<fn fib>][3]
0020    | OP_CONSTANT         0 '2'
          [<script>][<fn fib>][3][<fn fib>][3][2]
0022    | OP_SUBTRACT
          [<script>][<fn fib>][3][<fn fib>][1]
0023    | OP_CALL             1
          [<script>][<fn fib>][3][<fn fib>][1]
0000 0002 OP_GET_LOCAL        1
          [<script>][<fn fib>][3][<fn fib>][1][1]
0002    | OP_CONSTANT         0 '2'
          [<script>][<fn fib>][3][<fn fib>][1][1][2]
0004    | OP_LESS
          [<script>][<fn fib>][3][<fn fib>][1][true]
0005    | OP_JUMP_IF_FALSE    5 ->   15
          [<script>][<fn fib>][3][<fn fib>][1][true]
0008    | OP_POP
          [<script>][<fn fib>][3][<fn fib>][1]
0009    | OP_GET_LOCAL        1
          [<script>][<fn fib>][3][<fn fib>][1][1]
0011    | OP_RETURN
          [<script>][<fn fib>][3][1]
0025    | OP_GET_GLOBAL       1 'fib'
          [<script>][<fn fib>][3][1][<fn fib>]
0027    | OP_GET_LOCAL        1
          [<script>][<fn fib>][3][1][<fn fib>][3]
0029    | OP_CONSTANT         2 '1'
          [<script>][<fn fib>][3][1][<fn fib>][3][1]
0031    | OP_SUBTRACT
          [<script>][<fn fib>][3][1][<fn fib>][2]
0032    | OP_CALL             1
          [<script>][<fn fib>][3][1][<fn fib>][2]
0000 0002 OP_GET_LOCAL        1
          [<script>][<fn fib>][3][1][<fn fib>][2][2]
0002    | OP_CONSTANT         0 '2'
          [<script>][<fn fib>][3][1][<fn fib>][2][2][2]
0004    | OP_LESS
          [<script>][<fn fib>][3][1][<fn fib>][2][false]
0005    | OP_JUMP_IF_FALSE    5 ->   15
          [<script>][<fn fib>][3][1][<fn fib>][2][false]
0015    | OP_POP
          [<script>][<fn fib>][3][1][<fn fib>][2]
0016 0003 OP_GET_GLOBAL       1 'fib'
          [<script>][<fn fib>][3][1][<fn fib>][2][<fn fib>]
0018    | OP_GET_LOCAL        1
          [<script>][<fn fib>][3][1][<fn fib>][2][<fn fib>][2]
0020    | OP_CONSTANT         0 '2'
          [<script>][<fn fib>][3][1][<fn fib>][2][<fn fib>][2][2]
0022    | OP_SUBTRACT
          [<script>][<fn fib>][3][1][<fn fib>][2][<fn fib>][0]
0023    | OP_CALL             1
          [<script>][<fn fib>][3][1][<fn fib>][2][<fn fib>][0]
0000 0002 OP_GET_LOCAL        1
          [<script>][<fn fib>][3][1][<fn fib>][2][<fn fib>][0][0]
0002    | OP_CONSTANT         0 '2'
          [<script>][<fn fib>][3][1][<fn fib>][2][<fn fib>][0][0][2]
0004    | OP_LESS
          [<script>][<fn fib>][3][1][<fn fib>][2][<fn fib>][0][true]
0005    | OP_JUMP_IF_FALSE    5 ->   15
          [<script>][<fn fib>][3][1][<fn fib>][2][<fn fib>][0][true]
0008    | OP_POP
          [<script>][<fn fib>][3][1][<fn fib>][2][<fn fib>][0]
0009    | OP_GET_LOCAL        1
          [<script>][<fn fib>][3][1][<fn fib>][2][<fn fib>][0][0]
0011    | OP_RETURN
          [<script>][<fn fib>][3][1][<fn fib>][2][0]
0025    | OP_GET_GLOBAL       1 'fib'
          [<script>][<fn fib>][3][1][<fn fib>][2][0][<fn fib>]
0027    | OP_GET_LOCAL        1
          [<script>][<fn fib>][3][1][<fn fib>][2][0][<fn fib>][2]
0029    | OP_CONSTANT         2 '1'
          [<script>][<fn fib>][3][1][<fn fib>][2][0][<fn fib>][2][1]
0031    | OP_SUBTRACT
          [<script>][<fn fib>][3][1][<fn fib>][2][0][<fn fib>][1]
0032    | OP_CALL             1
          [<script>][<fn fib>][3][1][<fn fib>][2][0][<fn fib>][1]
0000 0002 OP_GET_LOCAL        1
          [<script>][<fn fib>][3][1][<fn fib>][2][0][<fn fib>][1][1]
0002    | OP_CONSTANT         0 '2'
          [<script>][<fn fib>][3][1][<fn fib>][2][0][<fn fib>][1][1][2]
0004    | OP_LESS
          [<script>][<fn fib>][3][1][<fn fib>][2][0][<fn fib>][1][true]
0005    | OP_JUMP_IF_FALSE    5 ->   15
          [<script>][<fn fib>][3][1][<fn fib>][2][0][<fn fib>][1][true]
0008    | OP_POP
          [<script>][<fn fib>][3][1][<fn fib>][2][0][<fn fib>][1]
0009    | OP_GET_LOCAL        1
          [<script>][<fn fib>][3][1][<fn fib>][2][0][<fn fib>][1][1]
0011    | OP_RETURN
          [<script>][<fn fib>][3][1][<fn fib>][2][0][1]
0034    | OP_ADD
          [<script>][<fn fib>][3][1][<fn fib>][2][1]
0035    | OP_RETURN
          [<script>][<fn fib>][3][1][1]
0034    | OP_ADD
          [<script>][<fn fib>][3][2]
0035    | OP_RETURN
          [<script>][2]
0010    | OP_PRINT
2
          [<script>]
0011    | OP_NIL
          [<script>][nil]
0012    | OP_RETURN
