== <script> ==
0000 0001 OP_CONSTANT         1 '0'
0002    | OP_DEFINE_GLOBAL    0 'x'
0004 0002 OP_CONSTANT         3 '1'
0006    | OP_DEFINE_GLOBAL    2 'y'
0008 0003 OP_GET_GLOBAL       4 'x'
0010    | OP_CONSTANT         5 '100'
0012    | OP_LESS
0013    | OP_JUMP_IF_FALSE   13 ->   36
0016    | OP_POP
0017 0004 OP_GET_GLOBAL       6 'x'
0019 0005 OP_GET_GLOBAL       8 'y'
0021    | OP_SET_GLOBAL       7 'x'
0023    | OP_POP
0024 0006 OP_GET_LOCAL        1
0026    | OP_GET_GLOBAL      10 'y'
0028    | OP_ADD
0029    | OP_SET_GLOBAL       9 'y'
0031    | OP_POP
0032 0007 OP_POP
0033    | OP_LOOP            33 ->    8
0036    | OP_POP
0037 0008 OP_GET_GLOBAL      11 'x'
0039    | OP_PRINT
0040 0009 OP_GET_GLOBAL      12 'y'
0042    | OP_PRINT
0043 0010 OP_NIL
0044    | OP_RETURN


          [<script>]
0000 0001 OP_CONSTANT         1 '0'
          [<script>][0]
0002    | OP_DEFINE_GLOBAL    0 'x'
          [<script>]
0004 0002 OP_CONSTANT         3 '1'
          [<script>][1]
0006    | OP_DEFINE_GLOBAL    2 'y'
          [<script>]
0008 0003 OP_GET_GLOBAL       4 'x'
          [<script>][0]
0010    | OP_CONSTANT         5 '100'
          [<script>][0][100]
0012    | OP_LESS
          [<script>][true]
0013    | OP_JUMP_IF_FALSE   13 ->   36
          [<script>][true]
0016    | OP_POP
          [<script>]
0017 0004 OP_GET_GLOBAL       6 'x'
          [<script>][0]
0019 0005 OP_GET_GLOBAL       8 'y'
          [<script>][0][1]
0021    | OP_SET_GLOBAL       7 'x'
          [<script>][0][1]
0023    | OP_POP
          [<script>][0]
0024 0006 OP_GET_LOCAL        1
          [<script>][0][0]
0026    | OP_GET_GLOBAL      10 'y'
          [<script>][0][0][1]
0028    | OP_ADD
          [<script>][0][1]
0029    | OP_SET_GLOBAL       9 'y'
          [<script>][0][1]
0031    | OP_POP
          [<script>][0]
0032 0007 OP_POP
          [<script>]
0033    | OP_LOOP            33 ->    8
          [<script>]
0008 0003 OP_GET_GLOBAL       4 'x'
          [<script>][1]
0010    | OP_CONSTANT         5 '100'
          [<script>][1][100]
0012    | OP_LESS
          [<script>][true]
0013    | OP_JUMP_IF_FALSE   13 ->   36
          [<script>][true]
0016    | OP_POP
          [<script>]
0017 0004 OP_GET_GLOBAL       6 'x'
          [<script>][1]
0019 0005 OP_GET_GLOBAL       8 'y'
          [<script>][1][1]
0021    | OP_SET_GLOBAL       7 'x'
          [<script>][1][1]
0023    | OP_POP
          [<script>][1]
0024 0006 OP_GET_LOCAL        1
          [<script>][1][1]
0026    | OP_GET_GLOBAL      10 'y'
          [<script>][1][1][1]
0028    | OP_ADD
          [<script>][1][2]
0029    | OP_SET_GLOBAL       9 'y'
          [<script>][1][2]
0031    | OP_POP
          [<script>][1]
0032 0007 OP_POP
          [<script>]
0033    | OP_LOOP            33 ->    8
          [<script>]
0008 0003 OP_GET_GLOBAL       4 'x'
          [<script>][1]
0010    | OP_CONSTANT         5 '100'
          [<script>][1][100]
0012    | OP_LESS
          [<script>][true]
0013    | OP_JUMP_IF_FALSE   13 ->   36
          [<script>][true]
0016    | OP_POP
          [<script>]
0017 0004 OP_GET_GLOBAL       6 'x'
          [<script>][1]
0019 0005 OP_GET_GLOBAL       8 'y'
          [<script>][1][2]
0021    | OP_SET_GLOBAL       7 'x'
          [<script>][1][2]
0023    | OP_POP
          [<script>][1]
0024 0006 OP_GET_LOCAL        1
          [<script>][1][1]
0026    | OP_GET_GLOBAL      10 'y'
          [<script>][1][1][2]
0028    | OP_ADD
          [<script>][1][3]
0029    | OP_SET_GLOBAL       9 'y'
          [<script>][1][3]
0031    | OP_POP
          [<script>][1]
0032 0007 OP_POP
          [<script>]
0033    | OP_LOOP            33 ->    8
          [<script>]
0008 0003 OP_GET_GLOBAL       4 'x'
          [<script>][2]
0010    | OP_CONSTANT         5 '100'
          [<script>][2][100]
0012    | OP_LESS
          [<script>][true]
0013    | OP_JUMP_IF_FALSE   13 ->   36
          [<script>][true]
0016    | OP_POP
          [<script>]
0017 0004 OP_GET_GLOBAL       6 'x'
          [<script>][2]
0019 0005 OP_GET_GLOBAL       8 'y'
          [<script>][2][3]
0021    | OP_SET_GLOBAL       7 'x'
          [<script>][2][3]
0023    | OP_POP
          [<script>][2]
0024 0006 OP_GET_LOCAL        1
          [<script>][2][2]
0026    | OP_GET_GLOBAL      10 'y'
          [<script>][2][2][3]
0028    | OP_ADD
          [<script>][2][5]
0029    | OP_SET_GLOBAL       9 'y'
          [<script>][2][5]
0031    | OP_POP
          [<script>][2]
0032 0007 OP_POP
          [<script>]
0033    | OP_LOOP            33 ->    8
          [<script>]
0008 0003 OP_GET_GLOBAL       4 'x'
          [<script>][3]
0010    | OP_CONSTANT         5 '100'
          [<script>][3][100]
0012    | OP_LESS
          [<script>][true]
0013    | OP_JUMP_IF_FALSE   13 ->   36
          [<script>][true]
0016    | OP_POP
          [<script>]
0017 0004 OP_GET_GLOBAL       6 'x'
          [<script>][3]
0019 0005 OP_GET_GLOBAL       8 'y'
          [<script>][3][5]
0021    | OP_SET_GLOBAL       7 'x'
          [<script>][3][5]
0023    | OP_POP
          [<script>][3]
0024 0006 OP_GET_LOCAL        1
          [<script>][3][3]
0026    | OP_GET_GLOBAL      10 'y'
          [<script>][3][3][5]
0028    | OP_ADD
          [<script>][3][8]
0029    | OP_SET_GLOBAL       9 'y'
          [<script>][3][8]
0031    | OP_POP
          [<script>][3]
0032 0007 OP_POP
          [<script>]
0033    | OP_LOOP            33 ->    8
          [<script>]
0008 0003 OP_GET_GLOBAL       4 'x'
          [<script>][5]
0010    | OP_CONSTANT         5 '100'
          [<script>][5][100]
0012    | OP_LESS
          [<script>][true]
0013    | OP_JUMP_IF_FALSE   13 ->   36
          [<script>][true]
0016    | OP_POP
          [<script>]
0017 0004 OP_GET_GLOBAL       6 'x'
          [<script>][5]
0019 0005 OP_GET_GLOBAL       8 'y'
          [<script>][5][8]
0021    | OP_SET_GLOBAL       7 'x'
          [<script>][5][8]
0023    | OP_POP
          [<script>][5]
0024 0006 OP_GET_LOCAL        1
          [<script>][5][5]
0026    | OP_GET_GLOBAL      10 'y'
          [<script>][5][5][8]
0028    | OP_ADD
          [<script>][5][13]
0029    | OP_SET_GLOBAL       9 'y'
          [<script>][5][13]
0031    | OP_POP
          [<script>][5]
0032 0007 OP_POP
          [<script>]
0033    | OP_LOOP            33 ->    8
          [<script>]
0008 0003 OP_GET_GLOBAL       4 'x'
          [<script>][8]
0010    | OP_CONSTANT         5 '100'
          [<script>][8][100]
0012    | OP_LESS
          [<script>][true]
0013    | OP_JUMP_IF_FALSE   13 ->   36
          [<script>][true]
0016    | OP_POP
          [<script>]
0017 0004 OP_GET_GLOBAL       6 'x'
          [<script>][8]
0019 0005 OP_GET_GLOBAL       8 'y'
          [<script>][8][13]
0021    | OP_SET_GLOBAL       7 'x'
          [<script>][8][13]
0023    | OP_POP
          [<script>][8]
0024 0006 OP_GET_LOCAL        1
          [<script>][8][8]
0026    | OP_GET_GLOBAL      10 'y'
          [<script>][8][8][13]
0028    | OP_ADD
          [<script>][8][21]
0029    | OP_SET_GLOBAL       9 'y'
          [<script>][8][21]
0031    | OP_POP
          [<script>][8]
0032 0007 OP_POP
          [<script>]
0033    | OP_LOOP            33 ->    8
          [<script>]
0008 0003 OP_GET_GLOBAL       4 'x'
          [<script>][13]
0010    | OP_CONSTANT         5 '100'
          [<script>][13][100]
0012    | OP_LESS
          [<script>][true]
0013    | OP_JUMP_IF_FALSE   13 ->   36
          [<script>][true]
0016    | OP_POP
          [<script>]
0017 0004 OP_GET_GLOBAL       6 'x'
          [<script>][13]
0019 0005 OP_GET_GLOBAL       8 'y'
          [<script>][13][21]
0021    | OP_SET_GLOBAL       7 'x'
          [<script>][13][21]
0023    | OP_POP
          [<script>][13]
0024 0006 OP_GET_LOCAL        1
          [<script>][13][13]
0026    | OP_GET_GLOBAL      10 'y'
          [<script>][13][13][21]
0028    | OP_ADD
          [<script>][13][34]
0029    | OP_SET_GLOBAL       9 'y'
          [<script>][13][34]
0031    | OP_POP
          [<script>][13]
0032 0007 OP_POP
          [<script>]
0033    | OP_LOOP            33 ->    8
          [<script>]
0008 0003 OP_GET_GLOBAL       4 'x'
          [<script>][21]
0010    | OP_CONSTANT         5 '100'
          [<script>][21][100]
0012    | OP_LESS
          [<script>][true]
0013    | OP_JUMP_IF_FALSE   13 ->   36
          [<script>][true]
0016    | OP_POP
          [<script>]
0017 0004 OP_GET_GLOBAL       6 'x'
          [<script>][21]
0019 0005 OP_GET_GLOBAL       8 'y'
          [<script>][21][34]
0021    | OP_SET_GLOBAL       7 'x'
          [<script>][21][34]
0023    | OP_POP
          [<script>][21]
0024 0006 OP_GET_LOCAL        1
          [<script>][21][21]
0026    | OP_GET_GLOBAL      10 'y'
          [<script>][21][21][34]
0028    | OP_ADD
          [<script>][21][55]
0029    | OP_SET_GLOBAL       9 'y'
          [<script>][21][55]
0031    | OP_POP
          [<script>][21]
0032 0007 OP_POP
          [<script>]
0033    | OP_LOOP            33 ->    8
          [<script>]
0008 0003 OP_GET_GLOBAL       4 'x'
          [<script>][34]
0010    | OP_CONSTANT         5 '100'
          [<script>][34][100]
0012    | OP_LESS
          [<script>][true]
0013    | OP_JUMP_IF_FALSE   13 ->   36
          [<script>][true]
0016    | OP_POP
          [<script>]
0017 0004 OP_GET_GLOBAL       6 'x'
          [<script>][34]
0019 0005 OP_GET_GLOBAL       8 'y'
          [<script>][34][55]
0021    | OP_SET_GLOBAL       7 'x'
          [<script>][34][55]
0023    | OP_POP
          [<script>][34]
0024 0006 OP_GET_LOCAL        1
          [<script>][34][34]
0026    | OP_GET_GLOBAL      10 'y'
          [<script>][34][34][55]
0028    | OP_ADD
          [<script>][34][89]
0029    | OP_SET_GLOBAL       9 'y'
          [<script>][34][89]
0031    | OP_POP
          [<script>][34]
0032 0007 OP_POP
          [<script>]
0033    | OP_LOOP            33 ->    8
          [<script>]
0008 0003 OP_GET_GLOBAL       4 'x'
          [<script>][55]
0010    | OP_CONSTANT         5 '100'
          [<script>][55][100]
0012    | OP_LESS
          [<script>][true]
0013    | OP_JUMP_IF_FALSE   13 ->   36
          [<script>][true]
0016    | OP_POP
          [<script>]
0017 0004 OP_GET_GLOBAL       6 'x'
          [<script>][55]
0019 0005 OP_GET_GLOBAL       8 'y'
          [<script>][55][89]
0021    | OP_SET_GLOBAL       7 'x'
          [<script>][55][89]
0023    | OP_POP
          [<script>][55]
0024 0006 OP_GET_LOCAL        1
          [<script>][55][55]
0026    | OP_GET_GLOBAL      10 'y'
          [<script>][55][55][89]
0028    | OP_ADD
          [<script>][55][144]
0029    | OP_SET_GLOBAL       9 'y'
          [<script>][55][144]
0031    | OP_POP
          [<script>][55]
0032 0007 OP_POP
          [<script>]
0033    | OP_LOOP            33 ->    8
          [<script>]
0008 0003 OP_GET_GLOBAL       4 'x'
          [<script>][89]
0010    | OP_CONSTANT         5 '100'
          [<script>][89][100]
0012    | OP_LESS
          [<script>][true]
0013    | OP_JUMP_IF_FALSE   13 ->   36
          [<script>][true]
0016    | OP_POP
          [<script>]
0017 0004 OP_GET_GLOBAL       6 'x'
          [<script>][89]
0019 0005 OP_GET_GLOBAL       8 'y'
          [<script>][89][144]
0021    | OP_SET_GLOBAL       7 'x'
          [<script>][89][144]
0023    | OP_POP
          [<script>][89]
0024 0006 OP_GET_LOCAL        1
          [<script>][89][89]
0026    | OP_GET_GLOBAL      10 'y'
          [<script>][89][89][144]
0028    | OP_ADD
          [<script>][89][233]
0029    | OP_SET_GLOBAL       9 'y'
          [<script>][89][233]
0031    | OP_POP
          [<script>][89]
0032 0007 OP_POP
          [<script>]
0033    | OP_LOOP            33 ->    8
          [<script>]
0008 0003 OP_GET_GLOBAL       4 'x'
          [<script>][144]
0010    | OP_CONSTANT         5 '100'
          [<script>][144][100]
0012    | OP_LESS
          [<script>][false]
0013    | OP_JUMP_IF_FALSE   13 ->   36
          [<script>][false]
0036    | OP_POP
          [<script>]
0037 0008 OP_GET_GLOBAL      11 'x'
          [<script>][144]
0039    | OP_PRINT
144
          [<script>]
0040 0009 OP_GET_GLOBAL      12 'y'
          [<script>][233]
0042    | OP_PRINT
233
          [<script>]
0043 0010 OP_NIL
          [<script>][nil]
0044    | OP_RETURN
